Arlington-Rent-a-Car-master/app/build/intermediates/manifest_merge_blame_file/debug/manifest-merger-blame-debug-report.txt
1<?xml version="1.0" encoding="utf-8"?>
2<manifest xmlns:android="http://schemas.android.com/apk/res/android"
3    package="com.example.arlingtonrentacar"
4    android:versionCode="1"
5    android:versionName="1.0" >
6
7    <uses-sdk
8        android:minSdkVersion="16"
8-->src\main\AndroidManifest.xml
9        android:targetSdkVersion="29" />
9-->src\main\AndroidManifest.xml
10
11    <application
11-->src\main\AndroidManifest.xml:5:5-47:19
12        android:allowBackup="true"
12-->src\main\AndroidManifest.xml:6:9-35
13        android:appComponentFactory="androidx.core.app.CoreComponentFactory"
13-->[androidx.core:core:1.3.1] AndroidManifest.xml:24:18-86
14        android:debuggable="true"
15        android:icon="@mipmap/ic_launcher"
15-->src\main\AndroidManifest.xml:7:9-43
16        android:label="@string/app_name"
16-->src\main\AndroidManifest.xml:8:9-41
17        android:roundIcon="@mipmap/ic_launcher_round"
17-->src\main\AndroidManifest.xml:9:9-54
18        android:supportsRtl="true"
18-->src\main\AndroidManifest.xml:10:9-35
19        android:testOnly="true"
20        android:theme="@style/AppTheme" >
20-->src\main\AndroidManifest.xml:11:9-40
21        <activity android:name="com.example.arlingtonrentacar.SearchCarAdmin" />
21-->src\main\AndroidManifest.xml:12:9-61
21-->src\main\AndroidManifest.xml:12:19-49
22        <activity
22-->src\main\AndroidManifest.xml:13:9-15:58
23            android:name="com.example.arlingtonrentacar.RequestedCarDetailsActivity"
23-->src\main\AndroidManifest.xml:14:13-56
24            android:label="View Requested Car Details" />
24-->src\main\AndroidManifest.xml:15:13-55
25        <activity
25-->src\main\AndroidManifest.xml:16:9-19:64
26            android:name="com.example.arlingtonrentacar.ViewRequestedCarActivity"
26-->src\main\AndroidManifest.xml:17:13-53
27            android:label="@string/viewRequestedCarActivityLabel"
27-->src\main\AndroidManifest.xml:18:13-66
28            android:parentActivityName="com.example.arlingtonrentacar.RequestCarActivity" />
28-->src\main\AndroidManifest.xml:19:13-61
29        <activity
29-->src\main\AndroidManifest.xml:20:9-23:62
30            android:name="com.example.arlingtonrentacar.RequestCarActivity"
30-->src\main\AndroidManifest.xml:21:13-47
31            android:label="@string/requestCarActivityLabel"
31-->src\main\AndroidManifest.xml:22:13-60
32            android:parentActivityName="com.example.arlingtonrentacar.RenterHomeScreen" />
32-->src\main\AndroidManifest.xml:23:13-59
33        <activity
33-->src\main\AndroidManifest.xml:24:9-27:58
34            android:name="com.example.arlingtonrentacar.RegisterActivity"
34-->src\main\AndroidManifest.xml:25:13-45
35            android:label="@string/registerActivityLabel"
35-->src\main\AndroidManifest.xml:26:13-58
36            android:parentActivityName="com.example.arlingtonrentacar.MainActivity" />
36-->src\main\AndroidManifest.xml:27:13-55
37        <activity
37-->src\main\AndroidManifest.xml:28:9-30:69
38            android:name="com.example.arlingtonrentacar.RenterHomeScreen"
38-->src\main\AndroidManifest.xml:29:13-45
39            android:label="@string/renterHomeScreenActivityLabel" />
39-->src\main\AndroidManifest.xml:30:13-66
40        <activity android:name="com.example.arlingtonrentacar.AdminHomeScreen" />
40-->src\main\AndroidManifest.xml:31:9-53
40-->src\main\AndroidManifest.xml:31:19-50
41        <activity android:name="com.example.arlingtonrentacar.ManagerHomeScreen" />
41-->src\main\AndroidManifest.xml:32:9-55
41-->src\main\AndroidManifest.xml:32:19-52
42        <activity
42-->src\main\AndroidManifest.xml:33:9-36:59
43            android:name="com.example.arlingtonrentacar.testactivity"
43-->src\main\AndroidManifest.xml:34:13-41
44            android:label="@string/title_activity_testactivity"
44-->src\main\AndroidManifest.xml:35:13-64
45            android:theme="@style/AppTheme.NoActionBar" />
45-->src\main\AndroidManifest.xml:36:13-56
46        <activity
46-->src\main\AndroidManifest.xml:37:9-46:20
47            android:name="com.example.arlingtonrentacar.MainActivity"
47-->src\main\AndroidManifest.xml:38:13-41
48            android:label="@string/app_name"
48-->src\main\AndroidManifest.xml:39:13-45
49            android:theme="@style/AppTheme.NoActionBar" >
49-->src\main\AndroidManifest.xml:40:13-56
50            <intent-filter>
50-->src\main\AndroidManifest.xml:41:13-45:29
51                <action android:name="android.intent.action.MAIN" />
51-->src\main\AndroidManifest.xml:42:17-69
51-->src\main\AndroidManifest.xml:42:25-66
52
53                <category android:name="android.intent.category.LAUNCHER" />
53-->src\main\AndroidManifest.xml:44:17-77
53-->src\main\AndroidManifest.xml:44:27-74
54            </intent-filter>
55        </activity>
56    </application>
57
58</manifest>